# JRE version: Java(TM) SE Runtime Environment (21.0.9+7) (build 21.0.9+7-LTS-338)
# Java VM: Java HotSpot(TM) 64-Bit Server VM (21.0.9+7-LTS-338, mixed mode, sharing, compressed oops, compressed class ptrs, serial gc, windows-amd64)
GC Precious Log:
 CardTable entry size: 512
 CPUs: 6 total, 6 available
 Memory: 20420M
 Large Page Support: Disabled
 NUMA Support: Disabled
 Compressed Oops: Enabled (32-bit)
 Heap Min Capacity: 256M
 Heap Initial Capacity: 256M
 Heap Max Capacity: 768M
 Pre-touch: Disabled
Heap:
 def new generation   total 78656K, used 47178K [0x00000000d0000000, 0x00000000d5550000, 0x00000000e0000000)
  eden space 69952K,  64% used [0x00000000d0000000, 0x00000000d2c53618, 0x00000000d4450000)
  from space 8704K,  20% used [0x00000000d4cd0000, 0x00000000d4e8f4c0, 0x00000000d5550000)
  to   space 8704K,   0% used [0x00000000d4450000, 0x00000000d4450000, 0x00000000d4cd0000)
 tenured generation   total 174784K, used 10754K [0x00000000e0000000, 0x00000000eaab0000, 0x0000000100000000)
   the space 174784K,   6% used [0x00000000e0000000, 0x00000000e0a80938, 0x00000000e0a80a00, 0x00000000eaab0000)
 Metaspace       used 15460K, committed 15808K, reserved 1114112K
  class space    used 1870K, committed 2048K, reserved 1048576K
GC Heap History (6 events):
Event: 2.400 GC heap before
{Heap before GC invocations=0 (full 0):
 def new generation   total 78656K, used 69952K [0x00000000d0000000, 0x00000000d5550000, 0x00000000e0000000)
  eden space 69952K, 100% used [0x00000000d0000000, 0x00000000d4450000, 0x00000000d4450000)
  from space 8704K,   0% used [0x00000000d4450000, 0x00000000d4450000, 0x00000000d4cd0000)
  to   space 8704K,   0% used [0x00000000d4cd0000, 0x00000000d4cd0000, 0x00000000d5550000)
 tenured generation   total 174784K, used 0K [0x00000000e0000000, 0x00000000eaab0000, 0x0000000100000000)
   the space 174784K,   0% used [0x00000000e0000000, 0x00000000e0000000, 0x00000000e0000200, 0x00000000eaab0000)
 Metaspace       used 6643K, committed 6912K, reserved 1114112K
  class space    used 803K, committed 896K, reserved 1048576K
}
Event: 2.429 GC heap after
{Heap after GC invocations=1 (full 0):
 def new generation   total 78656K, used 8703K [0x00000000d0000000, 0x00000000d5550000, 0x00000000e0000000)
  eden space 69952K,   0% used [0x00000000d0000000, 0x00000000d0000000, 0x00000000d4450000)
  from space 8704K,  99% used [0x00000000d4cd0000, 0x00000000d554fff8, 0x00000000d5550000)
  to   space 8704K,   0% used [0x00000000d4450000, 0x00000000d4450000, 0x00000000d4cd0000)
 tenured generation   total 174784K, used 2157K [0x00000000e0000000, 0x00000000eaab0000, 0x0000000100000000)
   the space 174784K,   1% used [0x00000000e0000000, 0x00000000e021b7b0, 0x00000000e021b800, 0x00000000eaab0000)
 Metaspace       used 6643K, committed 6912K, reserved 1114112K
  class space    used 803K, committed 896K, reserved 1048576K
}
Event: 4.085 GC heap before
{Heap before GC invocations=1 (full 0):
 def new generation   total 78656K, used 78655K [0x00000000d0000000, 0x00000000d5550000, 0x00000000e0000000)
  eden space 69952K, 100% used [0x00000000d0000000, 0x00000000d4450000, 0x00000000d4450000)
  from space 8704K,  99% used [0x00000000d4cd0000, 0x00000000d554fff8, 0x00000000d5550000)
  to   space 8704K,   0% used [0x00000000d4450000, 0x00000000d4450000, 0x00000000d4cd0000)
 tenured generation   total 174784K, used 2157K [0x00000000e0000000, 0x00000000eaab0000, 0x0000000100000000)
   the space 174784K,   1% used [0x00000000e0000000, 0x00000000e021b7b0, 0x00000000e021b800, 0x00000000eaab0000)
 Metaspace       used 11047K, committed 11328K, reserved 1114112K
  class space    used 1454K, committed 1600K, reserved 1048576K
}
Event: 4.110 GC heap after
{Heap after GC invocations=2 (full 0):
 def new generation   total 78656K, used 1774K [0x00000000d0000000, 0x00000000d5550000, 0x00000000e0000000)
  eden space 69952K,   0% used [0x00000000d0000000, 0x00000000d0000000, 0x00000000d4450000)
  from space 8704K,  20% used [0x00000000d4450000, 0x00000000d460b828, 0x00000000d4cd0000)
  to   space 8704K,   0% used [0x00000000d4cd0000, 0x00000000d4cd0000, 0x00000000d5550000)
 tenured generation   total 174784K, used 10754K [0x00000000e0000000, 0x00000000eaab0000, 0x0000000100000000)
   the space 174784K,   6% used [0x00000000e0000000, 0x00000000e0a80938, 0x00000000e0a80a00, 0x00000000eaab0000)
 Metaspace       used 11047K, committed 11328K, reserved 1114112K
  class space    used 1454K, committed 1600K, reserved 1048576K
}
Event: 4.779 GC heap before
{Heap before GC invocations=2 (full 0):
 def new generation   total 78656K, used 71726K [0x00000000d0000000, 0x00000000d5550000, 0x00000000e0000000)
  eden space 69952K, 100% used [0x00000000d0000000, 0x00000000d4450000, 0x00000000d4450000)
  from space 8704K,  20% used [0x00000000d4450000, 0x00000000d460b828, 0x00000000d4cd0000)
  to   space 8704K,   0% used [0x00000000d4cd0000, 0x00000000d4cd0000, 0x00000000d5550000)
 tenured generation   total 174784K, used 10754K [0x00000000e0000000, 0x00000000eaab0000, 0x0000000100000000)
   the space 174784K,   6% used [0x00000000e0000000, 0x00000000e0a80938, 0x00000000e0a80a00, 0x00000000eaab0000)
 Metaspace       used 13626K, committed 13952K, reserved 1114112K
  class space    used 1647K, committed 1792K, reserved 1048576K
}
Event: 4.784 GC heap after
{Heap after GC invocations=3 (full 0):
 def new generation   total 78656K, used 1789K [0x00000000d0000000, 0x00000000d5550000, 0x00000000e0000000)
  eden space 69952K,   0% used [0x00000000d0000000, 0x00000000d0000000, 0x00000000d4450000)
  from space 8704K,  20% used [0x00000000d4cd0000, 0x00000000d4e8f4c0, 0x00000000d5550000)
  to   space 8704K,   0% used [0x00000000d4450000, 0x00000000d4450000, 0x00000000d4cd0000)
 tenured generation   total 174784K, used 10754K [0x00000000e0000000, 0x00000000eaab0000, 0x0000000100000000)
   the space 174784K,   6% used [0x00000000e0000000, 0x00000000e0a80938, 0x00000000e0a80a00, 0x00000000eaab0000)
 Metaspace       used 13626K, committed 13952K, reserved 1114112K
  class space    used 1647K, committed 1792K, reserved 1048576K
}

