# JRE version: Java(TM) SE Runtime Environment (21.0.9+7) (build 21.0.9+7-LTS-338)
# Java VM: Java HotSpot(TM) 64-Bit Server VM (21.0.9+7-LTS-338, mixed mode, sharing, tiered, compressed oops, compressed class ptrs, serial gc, windows-amd64)
GC Precious Log:
 CardTable entry size: 512
 CPUs: 6 total, 6 available
 Memory: 20420M
 Large Page Support: Disabled
 NUMA Support: Disabled
 Compressed Oops: Enabled (32-bit)
 Heap Min Capacity: 128M
 Heap Initial Capacity: 128M
 Heap Max Capacity: 512M
 Pre-touch: Disabled
Heap:
 def new generation   total 39424K, used 12937K [0x00000000e0000000, 0x00000000e2ac0000, 0x00000000eaaa0000)
  eden space 35072K,  32% used [0x00000000e0000000, 0x00000000e0b1a470, 0x00000000e2240000)
  from space 4352K,  36% used [0x00000000e2240000, 0x00000000e23c8360, 0x00000000e2680000)
  to   space 4352K,   0% used [0x00000000e2680000, 0x00000000e2680000, 0x00000000e2ac0000)
 tenured generation   total 87424K, used 21762K [0x00000000eaaa0000, 0x00000000f0000000, 0x0000000100000000)
   the space 87424K,  24% used [0x00000000eaaa0000, 0x00000000ebfe0ac8, 0x00000000ebfe0c00, 0x00000000f0000000)
 Metaspace       used 46183K, committed 46656K, reserved 1114112K
  class space    used 5189K, committed 5376K, reserved 1048576K
GC Heap History (20 events):
Event: 7.992 GC heap before
{Heap before GC invocations=15 (full 1):
 def new generation   total 39424K, used 37657K [0x00000000e0000000, 0x00000000e2ac0000, 0x00000000eaaa0000)
  eden space 35072K, 100% used [0x00000000e0000000, 0x00000000e2240000, 0x00000000e2240000)
  from space 4352K,  59% used [0x00000000e2680000, 0x00000000e29065f0, 0x00000000e2ac0000)
  to   space 4352K,   0% used [0x00000000e2240000, 0x00000000e2240000, 0x00000000e2680000)
 tenured generation   total 87424K, used 14654K [0x00000000eaaa0000, 0x00000000f0000000, 0x0000000100000000)
   the space 87424K,  16% used [0x00000000eaaa0000, 0x00000000eb8efa60, 0x00000000eb8efc00, 0x00000000f0000000)
 Metaspace       used 31846K, committed 32256K, reserved 1114112K
  class space    used 3733K, committed 3904K, reserved 1048576K
}
Event: 8.004 GC heap after
{Heap after GC invocations=16 (full 1):
 def new generation   total 39424K, used 4304K [0x00000000e0000000, 0x00000000e2ac0000, 0x00000000eaaa0000)
  eden space 35072K,   0% used [0x00000000e0000000, 0x00000000e0000000, 0x00000000e2240000)
  from space 4352K,  98% used [0x00000000e2240000, 0x00000000e26741e0, 0x00000000e2680000)
  to   space 4352K,   0% used [0x00000000e2680000, 0x00000000e2680000, 0x00000000e2ac0000)
 tenured generation   total 87424K, used 15346K [0x00000000eaaa0000, 0x00000000f0000000, 0x0000000100000000)
   the space 87424K,  17% used [0x00000000eaaa0000, 0x00000000eb99ca48, 0x00000000eb99cc00, 0x00000000f0000000)
 Metaspace       used 31846K, committed 32256K, reserved 1114112K
  class space    used 3733K, committed 3904K, reserved 1048576K
}
Event: 8.237 GC heap before
{Heap before GC invocations=16 (full 1):
 def new generation   total 39424K, used 39376K [0x00000000e0000000, 0x00000000e2ac0000, 0x00000000eaaa0000)
  eden space 35072K, 100% used [0x00000000e0000000, 0x00000000e2240000, 0x00000000e2240000)
  from space 4352K,  98% used [0x00000000e2240000, 0x00000000e26741e0, 0x00000000e2680000)
  to   space 4352K,   0% used [0x00000000e2680000, 0x00000000e2680000, 0x00000000e2ac0000)
 tenured generation   total 87424K, used 15346K [0x00000000eaaa0000, 0x00000000f0000000, 0x0000000100000000)
   the space 87424K,  17% used [0x00000000eaaa0000, 0x00000000eb99ca48, 0x00000000eb99cc00, 0x00000000f0000000)
 Metaspace       used 33926K, committed 34432K, reserved 1114112K
  class space    used 3922K, committed 4160K, reserved 1048576K
}
Event: 8.247 GC heap after
{Heap after GC invocations=17 (full 1):
 def new generation   total 39424K, used 781K [0x00000000e0000000, 0x00000000e2ac0000, 0x00000000eaaa0000)
  eden space 35072K,   0% used [0x00000000e0000000, 0x00000000e0000000, 0x00000000e2240000)
  from space 4352K,  17% used [0x00000000e2680000, 0x00000000e27435c0, 0x00000000e2ac0000)
  to   space 4352K,   0% used [0x00000000e2240000, 0x00000000e2240000, 0x00000000e2680000)
 tenured generation   total 87424K, used 17673K [0x00000000eaaa0000, 0x00000000f0000000, 0x0000000100000000)
   the space 87424K,  20% used [0x00000000eaaa0000, 0x00000000ebbe2790, 0x00000000ebbe2800, 0x00000000f0000000)
 Metaspace       used 33926K, committed 34432K, reserved 1114112K
  class space    used 3922K, committed 4160K, reserved 1048576K
}
Event: 8.405 GC heap before
{Heap before GC invocations=17 (full 1):
 def new generation   total 39424K, used 27522K [0x00000000e0000000, 0x00000000e2ac0000, 0x00000000eaaa0000)
  eden space 35072K,  76% used [0x00000000e0000000, 0x00000000e1a1d2a0, 0x00000000e2240000)
  from space 4352K,  17% used [0x00000000e2680000, 0x00000000e27435c0, 0x00000000e2ac0000)
  to   space 4352K,   0% used [0x00000000e2240000, 0x00000000e2240000, 0x00000000e2680000)
 tenured generation   total 87424K, used 17673K [0x00000000eaaa0000, 0x00000000f0000000, 0x0000000100000000)
   the space 87424K,  20% used [0x00000000eaaa0000, 0x00000000ebbe2790, 0x00000000ebbe2800, 0x00000000f0000000)
 Metaspace       used 35388K, committed 35840K, reserved 1114112K
  class space    used 4066K, committed 4288K, reserved 1048576K
}
Event: 8.465 GC heap after
{Heap after GC invocations=18 (full 2):
 def new generation   total 39424K, used 0K [0x00000000e0000000, 0x00000000e2ac0000, 0x00000000eaaa0000)
  eden space 35072K,   0% used [0x00000000e0000000, 0x00000000e0000000, 0x00000000e2240000)
  from space 4352K,   0% used [0x00000000e2680000, 0x00000000e2680000, 0x00000000e2ac0000)
  to   space 4352K,   0% used [0x00000000e2240000, 0x00000000e2240000, 0x00000000e2680000)
 tenured generation   total 87424K, used 18876K [0x00000000eaaa0000, 0x00000000f0000000, 0x0000000100000000)
   the space 87424K,  21% used [0x00000000eaaa0000, 0x00000000ebd0f3d0, 0x00000000ebd0f400, 0x00000000f0000000)
 Metaspace       used 35388K, committed 35840K, reserved 1114112K
  class space    used 4066K, committed 4288K, reserved 1048576K
}
Event: 8.700 GC heap before
{Heap before GC invocations=18 (full 2):
 def new generation   total 39424K, used 35072K [0x00000000e0000000, 0x00000000e2ac0000, 0x00000000eaaa0000)
  eden space 35072K, 100% used [0x00000000e0000000, 0x00000000e2240000, 0x00000000e2240000)
  from space 4352K,   0% used [0x00000000e2680000, 0x00000000e2680000, 0x00000000e2ac0000)
  to   space 4352K,   0% used [0x00000000e2240000, 0x00000000e2240000, 0x00000000e2680000)
 tenured generation   total 87424K, used 18876K [0x00000000eaaa0000, 0x00000000f0000000, 0x0000000100000000)
   the space 87424K,  21% used [0x00000000eaaa0000, 0x00000000ebd0f3d0, 0x00000000ebd0f400, 0x00000000f0000000)
 Metaspace       used 36844K, committed 37312K, reserved 1114112K
  class space    used 4209K, committed 4416K, reserved 1048576K
}
Event: 8.703 GC heap after
{Heap after GC invocations=19 (full 2):
 def new generation   total 39424K, used 450K [0x00000000e0000000, 0x00000000e2ac0000, 0x00000000eaaa0000)
  eden space 35072K,   0% used [0x00000000e0000000, 0x00000000e0000000, 0x00000000e2240000)
  from space 4352K,  10% used [0x00000000e2240000, 0x00000000e22b08a8, 0x00000000e2680000)
  to   space 4352K,   0% used [0x00000000e2680000, 0x00000000e2680000, 0x00000000e2ac0000)
 tenured generation   total 87424K, used 18876K [0x00000000eaaa0000, 0x00000000f0000000, 0x0000000100000000)
   the space 87424K,  21% used [0x00000000eaaa0000, 0x00000000ebd0f3d0, 0x00000000ebd0f400, 0x00000000f0000000)
 Metaspace       used 36844K, committed 37312K, reserved 1114112K
  class space    used 4209K, committed 4416K, reserved 1048576K
}
Event: 9.133 GC heap before
{Heap before GC invocations=19 (full 2):
 def new generation   total 39424K, used 35522K [0x00000000e0000000, 0x00000000e2ac0000, 0x00000000eaaa0000)
  eden space 35072K, 100% used [0x00000000e0000000, 0x00000000e2240000, 0x00000000e2240000)
  from space 4352K,  10% used [0x00000000e2240000, 0x00000000e22b08a8, 0x00000000e2680000)
  to   space 4352K,   0% used [0x00000000e2680000, 0x00000000e2680000, 0x00000000e2ac0000)
 tenured generation   total 87424K, used 18876K [0x00000000eaaa0000, 0x00000000f0000000, 0x0000000100000000)
   the space 87424K,  21% used [0x00000000eaaa0000, 0x00000000ebd0f3d0, 0x00000000ebd0f400, 0x00000000f0000000)
 Metaspace       used 38257K, committed 38656K, reserved 1114112K
  class space    used 4333K, committed 4544K, reserved 1048576K
}
Event: 9.135 GC heap after
{Heap after GC invocations=20 (full 2):
 def new generation   total 39424K, used 682K [0x00000000e0000000, 0x00000000e2ac0000, 0x00000000eaaa0000)
  eden space 35072K,   0% used [0x00000000e0000000, 0x00000000e0000000, 0x00000000e2240000)
  from space 4352K,  15% used [0x00000000e2680000, 0x00000000e272a978, 0x00000000e2ac0000)
  to   space 4352K,   0% used [0x00000000e2240000, 0x00000000e2240000, 0x00000000e2680000)
 tenured generation   total 87424K, used 18876K [0x00000000eaaa0000, 0x00000000f0000000, 0x0000000100000000)
   the space 87424K,  21% used [0x00000000eaaa0000, 0x00000000ebd0f3d0, 0x00000000ebd0f400, 0x00000000f0000000)
 Metaspace       used 38257K, committed 38656K, reserved 1114112K
  class space    used 4333K, committed 4544K, reserved 1048576K
}
Event: 9.406 GC heap before
{Heap before GC invocations=20 (full 2):
 def new generation   total 39424K, used 35754K [0x00000000e0000000, 0x00000000e2ac0000, 0x00000000eaaa0000)
  eden space 35072K, 100% used [0x00000000e0000000, 0x00000000e2240000, 0x00000000e2240000)
  from space 4352K,  15% used [0x00000000e2680000, 0x00000000e272a978, 0x00000000e2ac0000)
  to   space 4352K,   0% used [0x00000000e2240000, 0x00000000e2240000, 0x00000000e2680000)
 tenured generation   total 87424K, used 18876K [0x00000000eaaa0000, 0x00000000f0000000, 0x0000000100000000)
   the space 87424K,  21% used [0x00000000eaaa0000, 0x00000000ebd0f3d0, 0x00000000ebd0f400, 0x00000000f0000000)
 Metaspace       used 39835K, committed 40256K, reserved 1114112K
  class space    used 4534K, committed 4736K, reserved 1048576K
}
Event: 9.410 GC heap after
{Heap after GC invocations=21 (full 2):
 def new generation   total 39424K, used 1267K [0x00000000e0000000, 0x00000000e2ac0000, 0x00000000eaaa0000)
  eden space 35072K,   0% used [0x00000000e0000000, 0x00000000e0000000, 0x00000000e2240000)
  from space 4352K,  29% used [0x00000000e2240000, 0x00000000e237cc10, 0x00000000e2680000)
  to   space 4352K,   0% used [0x00000000e2680000, 0x00000000e2680000, 0x00000000e2ac0000)
 tenured generation   total 87424K, used 18876K [0x00000000eaaa0000, 0x00000000f0000000, 0x0000000100000000)
   the space 87424K,  21% used [0x00000000eaaa0000, 0x00000000ebd0f3d0, 0x00000000ebd0f400, 0x00000000f0000000)
 Metaspace       used 39835K, committed 40256K, reserved 1114112K
  class space    used 4534K, committed 4736K, reserved 1048576K
}
Event: 9.680 GC heap before
{Heap before GC invocations=21 (full 2):
 def new generation   total 39424K, used 36339K [0x00000000e0000000, 0x00000000e2ac0000, 0x00000000eaaa0000)
  eden space 35072K, 100% used [0x00000000e0000000, 0x00000000e2240000, 0x00000000e2240000)
  from space 4352K,  29% used [0x00000000e2240000, 0x00000000e237cc10, 0x00000000e2680000)
  to   space 4352K,   0% used [0x00000000e2680000, 0x00000000e2680000, 0x00000000e2ac0000)
 tenured generation   total 87424K, used 18876K [0x00000000eaaa0000, 0x00000000f0000000, 0x0000000100000000)
   the space 87424K,  21% used [0x00000000eaaa0000, 0x00000000ebd0f3d0, 0x00000000ebd0f400, 0x00000000f0000000)
 Metaspace       used 41252K, committed 41664K, reserved 1114112K
  class space    used 4693K, committed 4928K, reserved 1048576K
}
Event: 9.686 GC heap after
{Heap after GC invocations=22 (full 2):
 def new generation   total 39424K, used 2236K [0x00000000e0000000, 0x00000000e2ac0000, 0x00000000eaaa0000)
  eden space 35072K,   0% used [0x00000000e0000000, 0x00000000e0000000, 0x00000000e2240000)
  from space 4352K,  51% used [0x00000000e2680000, 0x00000000e28af210, 0x00000000e2ac0000)
  to   space 4352K,   0% used [0x00000000e2240000, 0x00000000e2240000, 0x00000000e2680000)
 tenured generation   total 87424K, used 18876K [0x00000000eaaa0000, 0x00000000f0000000, 0x0000000100000000)
   the space 87424K,  21% used [0x00000000eaaa0000, 0x00000000ebd0f3d0, 0x00000000ebd0f400, 0x00000000f0000000)
 Metaspace       used 41252K, committed 41664K, reserved 1114112K
  class space    used 4693K, committed 4928K, reserved 1048576K
}
Event: 10.222 GC heap before
{Heap before GC invocations=22 (full 2):
 def new generation   total 39424K, used 37308K [0x00000000e0000000, 0x00000000e2ac0000, 0x00000000eaaa0000)
  eden space 35072K, 100% used [0x00000000e0000000, 0x00000000e2240000, 0x00000000e2240000)
  from space 4352K,  51% used [0x00000000e2680000, 0x00000000e28af210, 0x00000000e2ac0000)
  to   space 4352K,   0% used [0x00000000e2240000, 0x00000000e2240000, 0x00000000e2680000)
 tenured generation   total 87424K, used 18876K [0x00000000eaaa0000, 0x00000000f0000000, 0x0000000100000000)
   the space 87424K,  21% used [0x00000000eaaa0000, 0x00000000ebd0f3d0, 0x00000000ebd0f400, 0x00000000f0000000)
 Metaspace       used 42973K, committed 43392K, reserved 1114112K
  class space    used 4877K, committed 5056K, reserved 1048576K
}
Event: 10.231 GC heap after
{Heap after GC invocations=23 (full 2):
 def new generation   total 39424K, used 3011K [0x00000000e0000000, 0x00000000e2ac0000, 0x00000000eaaa0000)
  eden space 35072K,   0% used [0x00000000e0000000, 0x00000000e0000000, 0x00000000e2240000)
  from space 4352K,  69% used [0x00000000e2240000, 0x00000000e2530eb0, 0x00000000e2680000)
  to   space 4352K,   0% used [0x00000000e2680000, 0x00000000e2680000, 0x00000000e2ac0000)
 tenured generation   total 87424K, used 19313K [0x00000000eaaa0000, 0x00000000f0000000, 0x0000000100000000)
   the space 87424K,  22% used [0x00000000eaaa0000, 0x00000000ebd7c650, 0x00000000ebd7c800, 0x00000000f0000000)
 Metaspace       used 42973K, committed 43392K, reserved 1114112K
  class space    used 4877K, committed 5056K, reserved 1048576K
}
Event: 10.988 GC heap before
{Heap before GC invocations=23 (full 2):
 def new generation   total 39424K, used 38083K [0x00000000e0000000, 0x00000000e2ac0000, 0x00000000eaaa0000)
  eden space 35072K, 100% used [0x00000000e0000000, 0x00000000e2240000, 0x00000000e2240000)
  from space 4352K,  69% used [0x00000000e2240000, 0x00000000e2530eb0, 0x00000000e2680000)
  to   space 4352K,   0% used [0x00000000e2680000, 0x00000000e2680000, 0x00000000e2ac0000)
 tenured generation   total 87424K, used 19313K [0x00000000eaaa0000, 0x00000000f0000000, 0x0000000100000000)
   the space 87424K,  22% used [0x00000000eaaa0000, 0x00000000ebd7c650, 0x00000000ebd7c800, 0x00000000f0000000)
 Metaspace       used 44330K, committed 44800K, reserved 1114112K
  class space    used 5019K, committed 5248K, reserved 1048576K
}
Event: 11.000 GC heap after
{Heap after GC invocations=24 (full 2):
 def new generation   total 39424K, used 2375K [0x00000000e0000000, 0x00000000e2ac0000, 0x00000000eaaa0000)
  eden space 35072K,   0% used [0x00000000e0000000, 0x00000000e0000000, 0x00000000e2240000)
  from space 4352K,  54% used [0x00000000e2680000, 0x00000000e28d1ef8, 0x00000000e2ac0000)
  to   space 4352K,   0% used [0x00000000e2240000, 0x00000000e2240000, 0x00000000e2680000)
 tenured generation   total 87424K, used 20458K [0x00000000eaaa0000, 0x00000000f0000000, 0x0000000100000000)
   the space 87424K,  23% used [0x00000000eaaa0000, 0x00000000ebe9ab90, 0x00000000ebe9ac00, 0x00000000f0000000)
 Metaspace       used 44330K, committed 44800K, reserved 1114112K
  class space    used 5019K, committed 5248K, reserved 1048576K
}
Event: 11.569 GC heap before
{Heap before GC invocations=24 (full 2):
 def new generation   total 39424K, used 37447K [0x00000000e0000000, 0x00000000e2ac0000, 0x00000000eaaa0000)
  eden space 35072K, 100% used [0x00000000e0000000, 0x00000000e2240000, 0x00000000e2240000)
  from space 4352K,  54% used [0x00000000e2680000, 0x00000000e28d1ef8, 0x00000000e2ac0000)
  to   space 4352K,   0% used [0x00000000e2240000, 0x00000000e2240000, 0x00000000e2680000)
 tenured generation   total 87424K, used 20458K [0x00000000eaaa0000, 0x00000000f0000000, 0x0000000100000000)
   the space 87424K,  23% used [0x00000000eaaa0000, 0x00000000ebe9ab90, 0x00000000ebe9ac00, 0x00000000f0000000)
 Metaspace       used 45836K, committed 46336K, reserved 1114112K
  class space    used 5165K, committed 5376K, reserved 1048576K
}
Event: 11.580 GC heap after
{Heap after GC invocations=25 (full 2):
 def new generation   total 39424K, used 1568K [0x00000000e0000000, 0x00000000e2ac0000, 0x00000000eaaa0000)
  eden space 35072K,   0% used [0x00000000e0000000, 0x00000000e0000000, 0x00000000e2240000)
  from space 4352K,  36% used [0x00000000e2240000, 0x00000000e23c8360, 0x00000000e2680000)
  to   space 4352K,   0% used [0x00000000e2680000, 0x00000000e2680000, 0x00000000e2ac0000)
 tenured generation   total 87424K, used 21762K [0x00000000eaaa0000, 0x00000000f0000000, 0x0000000100000000)
   the space 87424K,  24% used [0x00000000eaaa0000, 0x00000000ebfe0ac8, 0x00000000ebfe0c00, 0x00000000f0000000)
 Metaspace       used 45836K, committed 46336K, reserved 1114112K
  class space    used 5165K, committed 5376K, reserved 1048576K
}

